d:\zac\opengl\opengl_practice\x64\debug\vc143.pdb
d:\zac\opengl\opengl_practice\x64\debug\vc143.idb
d:\zac\opengl\opengl_practice\x64\debug\demo.obj
d:\zac\opengl\opengl_practice\x64\debug\opengl_practice.pdb
d:\zac\opengl\opengl_practice\x64\debug\opengl_practice.tlog\cl.command.1.tlog
d:\zac\opengl\opengl_practice\x64\debug\opengl_practice.tlog\cl.read.1.tlog
d:\zac\opengl\opengl_practice\x64\debug\opengl_practice.tlog\cl.write.1.tlog
d:\zac\opengl\opengl_practice\x64\debug\opengl_practice.tlog\link-cvtres.read.1.tlog
d:\zac\opengl\opengl_practice\x64\debug\opengl_practice.tlog\link-cvtres.write.1.tlog
d:\zac\opengl\opengl_practice\x64\debug\opengl_practice.tlog\link-rc.read.1.tlog
d:\zac\opengl\opengl_practice\x64\debug\opengl_practice.tlog\link-rc.write.1.tlog
d:\zac\opengl\opengl_practice\x64\debug\opengl_practice.tlog\link.24432-cvtres.read.1.tlog
d:\zac\opengl\opengl_practice\x64\debug\opengl_practice.tlog\link.24432-cvtres.write.1.tlog
d:\zac\opengl\opengl_practice\x64\debug\opengl_practice.tlog\link.24432-rc.read.1.tlog
d:\zac\opengl\opengl_practice\x64\debug\opengl_practice.tlog\link.24432-rc.write.1.tlog
d:\zac\opengl\opengl_practice\x64\debug\opengl_practice.tlog\link.24432.read.1.tlog
d:\zac\opengl\opengl_practice\x64\debug\opengl_practice.tlog\link.24432.read.2.tlog
d:\zac\opengl\opengl_practice\x64\debug\opengl_practice.tlog\link.24432.write.1.tlog
d:\zac\opengl\opengl_practice\x64\debug\opengl_practice.tlog\link.command.1.tlog
d:\zac\opengl\opengl_practice\x64\debug\opengl_practice.tlog\link.read.1.tlog
d:\zac\opengl\opengl_practice\x64\debug\opengl_practice.tlog\link.read.2.tlog
d:\zac\opengl\opengl_practice\x64\debug\opengl_practice.tlog\link.write.1.tlog
