Performing C SOURCE FILE Test CMAKE_HAVE_LIBC_PTHREAD failed with the following output:
Change Dir: D:/Zac/OpenGL/build/CMakeFiles/CMakeTmp

Run Build Command(s):C:/Program Files/Microsoft Visual Studio/2022/Community/MSBuild/Current/Bin/amd64/MSBuild.exe cmTC_0d0e8.vcxproj /p:Configuration=Debug /p:Platform=x64 /p:VisualStudioVersion=17.0 /v:m && MSBuild version 17.3.1+2badb37d1 for .NET Framework
  用于 x64 的 Microsoft (R) C/C++ 优化编译器 19.33.31629 版
  src.c
D:\Zac\OpenGL\build\CMakeFiles\CMakeTmp\src.c(1,10): fatal  error C1083: 无法打开包括文件: “pthread.h”: No such file or directory [D:\Zac\OpenGL\build\CMakeFiles\CMakeTmp\cmTC_0d0e8.vcxproj]
  版权所有(C) Microsoft Corporation。保留所有权利。
  cl /c /Zi /W1 /WX- /diagnostics:column /Od /Ob0 /D _MBCS /D WIN32 /D _WINDOWS /D CMAKE_HAVE_LIBC_PTHREAD /D "CMAKE_INTDIR=\"Debug\"" /Gm- /RTC1 /MDd /GS /fp:precise /Zc:wchar_t /Zc:forScope /Zc:inline /Fo"cmTC_0d0e8.dir\Debug\\" /Fd"cmTC_0d0e8.dir\Debug\vc143.pdb" /external:W1 /Gd /TC /errorReport:queue D:\Zac\OpenGL\build\CMakeFiles\CMakeTmp\src.c


Source file was:
#include <pthread.h>

static void* test_func(void* data)
{
  return data;
}

int main(void)
{
  pthread_t thread;
  pthread_create(&thread, NULL, test_func, NULL);
  pthread_detach(thread);
  pthread_cancel(thread);
  pthread_join(thread, NULL);
  pthread_atfork(NULL, NULL, NULL);
  pthread_exit(NULL);

  return 0;
}

Determining if the function pthread_create exists in the pthreads failed with the following output:
Change Dir: D:/Zac/OpenGL/build/CMakeFiles/CMakeTmp

Run Build Command(s):C:/Program Files/Microsoft Visual Studio/2022/Community/MSBuild/Current/Bin/amd64/MSBuild.exe cmTC_7be0c.vcxproj /p:Configuration=Debug /p:Platform=x64 /p:VisualStudioVersion=17.0 /v:m && MSBuild version 17.3.1+2badb37d1 for .NET Framework
  用于 x64 的 Microsoft (R) C/C++ 优化编译器 19.33.31629 版
  CheckFunctionExists.c
  版权所有(C) Microsoft Corporation。保留所有权利。
  cl /c /Zi /W1 /WX- /diagnostics:column /Od /Ob0 /D _MBCS /D WIN32 /D _WINDOWS /D CHECK_FUNCTION_EXISTS=pthread_create /D "CMAKE_INTDIR=\"Debug\"" /Gm- /RTC1 /MDd /GS /fp:precise /Zc:wchar_t /Zc:forScope /Zc:inline /Fo"cmTC_7be0c.dir\Debug\\" /Fd"cmTC_7be0c.dir\Debug\vc143.pdb" /external:W1 /Gd /TC /errorReport:queue "D:\Program Files\CMake\share\cmake-3.24\Modules\CheckFunctionExists.c"
LINK : fatal error LNK1104: 无法打开文件“pthreads.lib” [D:\Zac\OpenGL\build\CMakeFiles\CMakeTmp\cmTC_7be0c.vcxproj]



Determining if the function pthread_create exists in the pthread failed with the following output:
Change Dir: D:/Zac/OpenGL/build/CMakeFiles/CMakeTmp

Run Build Command(s):C:/Program Files/Microsoft Visual Studio/2022/Community/MSBuild/Current/Bin/amd64/MSBuild.exe cmTC_5978a.vcxproj /p:Configuration=Debug /p:Platform=x64 /p:VisualStudioVersion=17.0 /v:m && MSBuild version 17.3.1+2badb37d1 for .NET Framework
  用于 x64 的 Microsoft (R) C/C++ 优化编译器 19.33.31629 版
  版权所有(C) Microsoft Corporation。保留所有权利。
  CheckFunctionExists.c
  cl /c /Zi /W1 /WX- /diagnostics:column /Od /Ob0 /D _MBCS /D WIN32 /D _WINDOWS /D CHECK_FUNCTION_EXISTS=pthread_create /D "CMAKE_INTDIR=\"Debug\"" /Gm- /RTC1 /MDd /GS /fp:precise /Zc:wchar_t /Zc:forScope /Zc:inline /Fo"cmTC_5978a.dir\Debug\\" /Fd"cmTC_5978a.dir\Debug\vc143.pdb" /external:W1 /Gd /TC /errorReport:queue "D:\Program Files\CMake\share\cmake-3.24\Modules\CheckFunctionExists.c"
LINK : fatal error LNK1104: 无法打开文件“pthread.lib” [D:\Zac\OpenGL\build\CMakeFiles\CMakeTmp\cmTC_5978a.vcxproj]



